-------------------------------------------------------------------------------
Test set: EmaitzakIpiniDAWTest
-------------------------------------------------------------------------------
Tests run: 2, Failures: 1, Errors: 0, Skipped: 0, Time elapsed: 1.1 sec <<< FAILURE! - in EmaitzakIpiniDAWTest
test2(EmaitzakIpiniDAWTest)  Time elapsed: 0.026 sec  <<< FAILURE!
org.junit.ComparisonFailure: expected:<[galduta]> but was:<[jokoan]>
	at EmaitzakIpiniDAWTest.test2(EmaitzakIpiniDAWTest.java:107)

