-------------------------------------------------------------------------------
Test set: GertaerakSortuDABTest
-------------------------------------------------------------------------------
Tests run: 6, Failures: 1, Errors: 0, Skipped: 0, Time elapsed: 0.248 sec <<< FAILURE! - in GertaerakSortuDABTest
test4(GertaerakSortuDABTest)  Time elapsed: 0.033 sec  <<< FAILURE!
java.lang.AssertionError: expected:<false> but was:<true>
	at GertaerakSortuDABTest.test4(GertaerakSortuDABTest.java:152)

