-------------------------------------------------------------------------------
Test set: GertaerakSortuDAWTest
-------------------------------------------------------------------------------
Tests run: 7, Failures: 1, Errors: 0, Skipped: 0, Time elapsed: 0.178 sec <<< FAILURE! - in GertaerakSortuDAWTest
test6(GertaerakSortuDAWTest)  Time elapsed: 0.028 sec  <<< FAILURE!
java.lang.AssertionError: expected:<false> but was:<true>
	at GertaerakSortuDAWTest.test6(GertaerakSortuDAWTest.java:219)

