<?xml version="1.0" encoding="UTF-8"?>
<testsuite xmlns:xsi="http://www.w3.org/2001/XMLSchema-instance" xsi:schemaLocation="https://maven.apache.org/surefire/maven-surefire-plugin/xsd/surefire-test-report.xsd" name="GertaerakSortuDAWTest" time="0.178" tests="7" errors="0" skipped="0" failures="1">
  <properties>
[...]
</properties>
  <testcase name="test1" classname="GertaerakSortuDAWTest" time="0.012"/>
  <testcase name="test2" classname="GertaerakSortuDAWTest" time="0.042"/>
  <testcase name="test3" classname="GertaerakSortuDAWTest" time="0.014"/>
  <testcase name="test4" classname="GertaerakSortuDAWTest" time="0.041"/>
  <testcase name="test5" classname="GertaerakSortuDAWTest" time="0.027"/>
  <testcase name="test6" classname="GertaerakSortuDAWTest" time="0.028">
    <failure message="expected:&lt;false&gt; but was:&lt;true&gt;" type="java.lang.AssertionError"><![CDATA[java.lang.AssertionError: expected:<false> but was:<true>
	at GertaerakSortuDAWTest.test6(GertaerakSortuDAWTest.java:219)
]]></failure>
    <system-out><![CDATA[Creating DataAccess instance => isDatabaseLocal: true getDatabBaseOpenMode: initialize
Opening DataAccess instance => isDatabaseLocal: true getDatabBaseOpenMode: initialize
]]></system-out>
  </testcase>
  <testcase name="test7" classname="GertaerakSortuDAWTest" time="0.013"/>
</testsuite>